<?xml version="1.0" encoding="UTF-8"?>
<testsuite xmlns:xsi="http://www.w3.org/2001/XMLSchema-instance" xsi:noNamespaceSchemaLocation="https://maven.apache.org/surefire/maven-surefire-plugin/xsd/surefire-test-report.xsd" version="3.0.2" name="nuxeo.labs.dynamic.fields.TestGetDocTypes" time="2.533" tests="2" errors="0" skipped="0" failures="0" flakes="0">
  <properties>
[...]
</properties>
  <testcase name="shouldReturnEmptyArrayWhenNoDefinitions" classname="nuxeo.labs.dynamic.fields.TestGetDocTypes" time="0.172">
    <system-out><![CDATA[17:25:33,422 INFO  [BundleRegistry] Registering resolved bundle: org.nuxeo.osgi.app
17:25:33,444 INFO  [OSGIRuntimeTestActivator] Starting Runtime Activator
17:25:33,462 INFO  [JavaUtilLoggingHelper] Redirecting java.util.logging to Apache Log4j, threshold is INFO
17:25:33,462 INFO  [AbstractRuntimeService] Starting Nuxeo Runtime service: OSGi NXRuntime; version: 1.4.0
17:25:33,480 INFO  [BundleRegistry] Registering resolved bundle: org.nuxeo.runtime.stream
17:25:33,488 INFO  [BundleRegistry] Registering resolved bundle: org.nuxeo.ecm.core.event
17:25:33,494 INFO  [ComponentManagerImpl] Registration delayed for component: service:org.nuxeo.ecm.core.scheduler.SchedulerService. Waiting for: [service:org.nuxeo.runtime.cluster.ClusterService]
17:25:33,508 INFO  [BundleRegistry] Registering resolved bundle: org.nuxeo.ecm.automation.features
17:25:33,510 INFO  [ComponentManagerImpl] Registration delayed for component: service:org.nuxeo.ecm.core.automation.features.operations. Waiting for: [service:org.nuxeo.ecm.core.automation.coreContrib]
17:25:33,514 INFO  [ComponentManagerImpl] Registration delayed for component: service:org.nuxeo.ecm.core.automation.features.bulk. Waiting for: [service:org.nuxeo.ecm.core.bulk.config]
17:25:33,515 INFO  [BundleRegistry] Registering resolved bundle: org.nuxeo.ecm.core.schema
17:25:33,522 INFO  [BundleRegistry] Registering resolved bundle: org.nuxeo.runtime.jtajca
17:25:33,523 INFO  [BundleRegistry] Registering resolved bundle: org.nuxeo.ecm.directory.types.contrib
17:25:33,524 INFO  [BundleRegistry] Registering resolved bundle: org.nuxeo.ecm.directory.sql
17:25:33,527 INFO  [ComponentManagerImpl] Registration delayed for component: service:org.nuxeo.ecm.directory.sql.SQLDirectoryFactory. Waiting for: [service:org.nuxeo.ecm.directory.DirectoryServiceImpl]
17:25:33,527 INFO  [BundleRegistry] Registering resolved bundle: org.nuxeo.ecm.core.storage
17:25:33,528 INFO  [ComponentManagerImpl] Registration delayed for component: service:org.nuxeo.ecm.core.storage.bulk. Waiting for: [service:org.nuxeo.ecm.core.bulk.config]
17:25:33,529 INFO  [BundleRegistry] Registering resolved bundle: org.nuxeo.ecm.automation.core
17:25:33,533 INFO  [ComponentManagerImpl] Registration delayed for component: service:org.nuxeo.ecm.core.operation.OperationServiceComponent. Waiting for: [service:org.nuxeo.runtime.management.ServerLocator]
17:25:33,536 INFO  [BundleRegistry] Registering resolved bundle: org.nuxeo.ecm.platform.commandline.executor
17:25:33,540 INFO  [BundleRegistry] Registering resolved bundle: org.nuxeo.ecm.webengine.core
17:25:33,542 INFO  [ComponentManagerImpl] Registration delayed for component: service:org.nuxeo.ecm.webengine.WebEngineComponent. Waiting for: [service:org.nuxeo.ecm.platform.ui.web.auth.service.PluggableAuthenticationService, service:org.nuxeo.ecm.platform.rendering.fm.FreemarkerComponent]
17:25:33,542 INFO  [ComponentManagerImpl] Registration delayed for component: service:org.nuxeo.ecm.platform.ui.web.auth.WebEngineConfig. Waiting for: [service:org.nuxeo.ecm.platform.ui.web.auth.defaultConfig, service:org.nuxeo.ecm.platform.ui.web.auth.service.PluggableAuthenticationService]
17:25:33,543 INFO  [BundleRegistry] Registering resolved bundle: org.nuxeo.ecm.core
17:25:33,544 INFO  [ComponentManagerImpl] Registration delayed for component: service:org.nuxeo.ecm.core.repository.RepositoryServiceComponent. Waiting for: [service:org.nuxeo.runtime.cluster.ClusterService, service:org.nuxeo.ecm.core.api.repository.RepositoryManager]
17:25:33,552 INFO  [ComponentManagerImpl] Registration delayed for component: service:org.nuxeo.ecm.core.versioning.default-policies. Waiting for: [service:org.nuxeo.ecm.platform.el.service]
17:25:33,553 INFO  [ComponentManagerImpl] Registration delayed for component: service:org.nuxeo.ecm.core.orphanVersionsCleanup. Waiting for: [service:org.nuxeo.ecm.core.bulk]
17:25:33,557 INFO  [ComponentManagerImpl] Registration delayed for component: service:org.nuxeo.ecm.core.deletion.config. Waiting for: [service:org.nuxeo.ecm.core.bulk]
17:25:33,558 INFO  [ComponentManagerImpl] Registration delayed for component: service:org.nuxeo.ecm.core.stream.blobs. Waiting for: [service:org.nuxeo.ecm.core.bulk]
17:25:33,559 INFO  [ComponentManagerImpl] Registration delayed for component: service:org.nuxeo.ecm.core.scroll.contrib. Waiting for: [service:org.nuxeo.ecm.core.scroll.service]
17:25:33,559 INFO  [BundleRegistry] Registering resolved bundle: org.nuxeo.ecm.core.query
17:25:33,560 INFO  [BundleRegistry] Registering resolved bundle: org.nuxeo.ecm.core.convert.api
17:25:33,560 INFO  [BundleRegistry] Registering resolved bundle: org.nuxeo.directory.test
17:25:33,560 INFO  [BundleRegistry] Registering resolved bundle: org.nuxeo.runtime.cluster
17:25:33,561 INFO  [ComponentManagerImpl] Registration delayed for component: service:org.nuxeo.runtime.cluster.ClusterService. Waiting for: [service:org.nuxeo.runtime.kv.KeyValueService]
17:25:33,561 INFO  [BundleRegistry] Registering resolved bundle: org.nuxeo.runtime.datasource
17:25:33,563 INFO  [BundleRegistry] Registering resolved bundle: org.nuxeo.runtime.migration
17:25:33,563 INFO  [ComponentManagerImpl] Registration delayed for component: service:org.nuxeo.runtime.migration.MigrationService. Waiting for: [service:org.nuxeo.runtime.kv.KeyValueService]
17:25:33,563 INFO  [BundleRegistry] Registering resolved bundle: org.nuxeo.runtime.kv
17:25:33,565 INFO  [BundleRegistry] Registering resolved bundle: org.nuxeo.ecm.core.convert.plugins
17:25:33,568 INFO  [BundleRegistry] Registering resolved bundle: nuxeo.labs.dynamic.fields.nuxeo-labs-dynamic-fields-core
17:25:33,571 INFO  [BundleRegistry] Registering resolved bundle: org.nuxeo.ecm.directory
17:25:33,572 INFO  [ComponentManagerImpl] Registration delayed for component: service:org.nuxeo.ecm.directory.DirectoryServiceImpl. Waiting for: [service:org.nuxeo.ecm.core.cache.CacheService]
17:25:33,573 INFO  [ComponentManagerImpl] Registration delayed for component: service:org.nuxeo.ecm.directory.GenericDirectory. Waiting for: [service:org.nuxeo.ecm.directory.DirectoryServiceImpl]
17:25:33,574 INFO  [ComponentManagerImpl] Registration delayed for component: service:org.nuxeo.ecm.directory.core.CoreDirectoryFactory. Waiting for: [service:org.nuxeo.ecm.directory.DirectoryServiceImpl]
17:25:33,575 INFO  [BundleRegistry] Registering resolved bundle: org.nuxeo.ecm.actions
17:25:33,578 INFO  [BundleRegistry] Registering resolved bundle: org.nuxeo.ecm.core.bulk.test
17:25:33,578 INFO  [BundleRegistry] Registering resolved bundle: org.nuxeo.ecm.core.bulk
17:25:33,581 INFO  [BundleRegistry] Registering resolved bundle: org.nuxeo.ecm.platform.rendering
17:25:33,582 INFO  [BundleRegistry] Registering resolved bundle: org.nuxeo.runtime.metrics
17:25:33,583 INFO  [BundleRegistry] Registering resolved bundle: org.nuxeo.ecm.automation.scripting
17:25:33,584 INFO  [ComponentManagerImpl] Registration delayed for component: service:org.nuxeo.automation.scripting.internals.AutomationScriptingComponent. Waiting for: [service:org.nuxeo.ecm.core.operation.OperationServiceComponent]
17:25:33,585 INFO  [BundleRegistry] Registering resolved bundle: org.nuxeo.runtime.pubsub
17:25:33,586 INFO  [BundleRegistry] Registering resolved bundle: org.nuxeo.ecm.core.mimetype
17:25:33,588 INFO  [BundleRegistry] Registering resolved bundle: org.nuxeo.ecm.core.test
17:25:33,589 INFO  [BundleRegistry] Registering resolved bundle: org.nuxeo.ecm.core.storage.sql
17:25:33,592 INFO  [ComponentManagerImpl] Registration delayed for component: service:org.nuxeo.ecm.core.repository.RepositoryService. Waiting for: [service:org.nuxeo.ecm.core.storage.sql.RepositoryService]
17:25:33,593 INFO  [ComponentManagerImpl] Registration delayed for component: service:org.nuxeo.ecm.core.storage.sql.RepositoryService. Waiting for: [service:org.nuxeo.ecm.core.repository.RepositoryServiceComponent, service:org.nuxeo.ecm.core.api.repository.RepositoryManager]
17:25:33,593 INFO  [BundleRegistry] Registering resolved bundle: org.nuxeo.ecm.directory.api
17:25:33,594 INFO  [BundleRegistry] Registering resolved bundle: org.nuxeo.ecm.core.api
17:25:33,600 INFO  [BundleRegistry] Registering resolved bundle: org.nuxeo.ecm.core.convert
17:25:33,602 INFO  [BundleRegistry] Registering resolved bundle: org.nuxeo.ecm.platform.el
17:25:33,602 INFO  [BundleRegistry] Registering resolved bundle: org.nuxeo.ecm.directory.sql.tests
17:25:33,603 INFO  [ComponentManagerImpl] Registration delayed for component: service:org.nuxeo.directory.test.sql. Waiting for: [service:org.nuxeo.runtime.datasource.test]
17:25:33,603 INFO  [BundleRegistry] Registering resolved bundle: org.nuxeo.ecm.platform.query.api
17:25:33,604 INFO  [BundleRegistry] Registering resolved bundle: org.nuxeo.runtime.reload
17:25:33,605 INFO  [BundleRegistry] Registering resolved bundle: org.nuxeo.runtime.management
17:25:33,606 INFO  [ComponentManagerImpl] Registration delayed for component: service:org.nuxeo.runtime.management.ResourcePublisher. Waiting for: [service:org.nuxeo.runtime.management.ServerLocator]
17:25:33,607 INFO  [BundleRegistry] Registering resolved bundle: org.nuxeo.runtime.stream.test
17:25:33,607 INFO  [BundleRegistry] Registering resolved bundle: org.nuxeo.ecm.platform.api
17:25:33,607 INFO  [BundleRegistry] Registering resolved bundle: org.nuxeo.ecm.platform.dublincore
17:25:33,608 INFO  [BundleRegistry] Registering resolved bundle: org.nuxeo.ecm.automation.server
17:25:33,608 INFO  [ComponentManagerImpl] Registration delayed for component: service:org.nuxeo.ecm.automation.server.AutomationServer. Waiting for: [service:org.nuxeo.ecm.automation.io.services.IOComponent]
17:25:33,609 INFO  [ComponentManagerImpl] Registration delayed for component: service:org.nuxeo.ecm.automation.server.auth.config. Waiting for: [service:org.nuxeo.ecm.platform.ui.web.auth.defaultConfig]
17:25:33,609 INFO  [BundleRegistry] Registering resolved bundle: org.nuxeo.ecm.core.io
17:25:33,611 INFO  [ComponentManagerImpl] Registration delayed for component: service:org.nuxeo.ecm.core.io.download.DownloadService. Waiting for: [service:org.nuxeo.ecm.core.transientstore.TransientStorageComponent]
17:25:33,612 INFO  [BundleRegistry] Registering resolved bundle: org.nuxeo.ecm.platform.web.common
17:25:33,624 INFO  [BundleRegistry] Registering resolved bundle: org.nuxeo.ecm.platform.content.template
17:25:33,626 INFO  [BundleRegistry] Registering resolved bundle: org.nuxeo.ecm.automation.io
17:25:33,627 INFO  [BundleRegistry] Registering resolved bundle: org.nuxeo.ecm.platform.usermanager
17:25:33,629 INFO  [ComponentManagerImpl] Registration delayed for component: service:org.nuxeo.ecm.platform.usermanager.UserManagerImpl. Waiting for: [service:org.nuxeo.ecm.core.cache.CacheService]
17:25:33,632 INFO  [ComponentManagerImpl] Registration delayed for component: service:org.nuxeo.ecm.core.test.repository. Waiting for: [service:org.nuxeo.runtime.datasource.test]
17:25:33,637 INFO  [RuntimeStreamFeature] Deploying Nuxeo Stream using Mem
17:25:33,637 INFO  [WorkManagerFeature] Deploying WorkManager using default implementation
17:25:33,782 INFO  [VCSRepositoryFeature] Deploying a VCS repository using H2
17:25:33,782 INFO  [DirectoryFeature] Deploying Directory using Sql
17:25:33,788 INFO  [ComponentManagerImpl] Starting Nuxeo Components
17:25:33,788 INFO  [ComponentManagerImpl] Instantiate components
17:25:33,906 INFO  [ComponentManagerImpl] Activate components
17:25:33,917 INFO  [SchemaManagerImpl] Registered schema: base
17:25:33,917 INFO  [SchemaManagerImpl] Registered schema: core-types
17:25:33,926 INFO  [SchemaManagerImpl] Registered schema: user
17:25:33,926 INFO  [SchemaManagerImpl] Registered schema: group
17:25:33,926 INFO  [SchemaManagerImpl] Registered schema: vocabulary
17:25:33,926 INFO  [SchemaManagerImpl] Registered schema: xvocabulary
17:25:33,926 INFO  [SchemaManagerImpl] Registered schema: l10nvocabulary
17:25:33,926 INFO  [SchemaManagerImpl] Registered schema: l10nxvocabulary
17:25:33,926 INFO  [SchemaManagerImpl] Registered schema: documentsLists
17:25:33,932 INFO  [SchemaManagerImpl] Registered schema: relation
17:25:33,933 INFO  [SchemaManagerImpl] Registered schema: common
17:25:33,933 INFO  [SchemaManagerImpl] Registered schema: dublincore
17:25:33,933 INFO  [SchemaManagerImpl] Registered schema: uid
17:25:33,933 INFO  [SchemaManagerImpl] Registered schema: file
17:25:33,933 INFO  [SchemaManagerImpl] Registered schema: files
17:25:33,933 INFO  [SchemaManagerImpl] Registered schema: note
17:25:33,933 INFO  [SchemaManagerImpl] Registered schema: domain
17:25:33,933 INFO  [SchemaManagerImpl] Registered schema: relatedtext
17:25:33,933 INFO  [SchemaManagerImpl] Registered schema: publishing
17:25:33,933 INFO  [SchemaManagerImpl] Registered schema: webcontainer
17:25:33,933 INFO  [SchemaManagerImpl] Registered schema: collection
17:25:33,933 INFO  [SchemaManagerImpl] Registered schema: collectionMember
17:25:33,933 INFO  [SchemaManagerImpl] Registered global prefetch: common, dublincore
17:25:33,933 INFO  [SchemaManagerImpl] Registered clearComplexPropertyBeforeSet: true
17:25:33,933 INFO  [SchemaManagerImpl] Registered allowVersionWriteForDublinCore: false
17:25:33,935 INFO  [SchemaManagerImpl] Registered facet: Folderish
17:25:33,935 INFO  [SchemaManagerImpl] Registered facet: Orderable
17:25:33,935 INFO  [SchemaManagerImpl] Registered facet: Versionable
17:25:33,935 INFO  [SchemaManagerImpl] Registered facet: Downloadable
17:25:33,935 INFO  [SchemaManagerImpl] Registered facet: Publishable
17:25:33,935 INFO  [SchemaManagerImpl] Registered facet: PublishSpace
17:25:33,936 INFO  [SchemaManagerImpl] Registered facet: MasterPublishSpace
17:25:33,936 INFO  [SchemaManagerImpl] Registered facet: Commentable
17:25:33,936 INFO  [SchemaManagerImpl] Registered facet: WebView
17:25:33,936 INFO  [SchemaManagerImpl] Registered facet: SuperSpace
17:25:33,936 INFO  [SchemaManagerImpl] Registered facet: HiddenInNavigation
17:25:33,936 INFO  [SchemaManagerImpl] Registered facet: SystemDocument
17:25:33,936 INFO  [SchemaManagerImpl] Registered facet: NotFulltextIndexable
17:25:33,936 INFO  [SchemaManagerImpl] Registered facet: BigFolder
17:25:33,936 INFO  [SchemaManagerImpl] Registered facet: HiddenInCreation
17:25:33,936 INFO  [SchemaManagerImpl] Registered facet: HasRelatedText
17:25:33,936 INFO  [SchemaManagerImpl] Registered facet: Collection
17:25:33,936 INFO  [SchemaManagerImpl] Registered facet: NotCollectionMember
17:25:33,936 INFO  [SchemaManagerImpl] Registered facet: CollectionMember
17:25:33,936 INFO  [SchemaManagerImpl] Registered proxies descriptor for schemas: [collectionMember]
17:25:33,937 INFO  [SchemaManagerImpl] Registered document type: Folder
17:25:33,937 INFO  [SchemaManagerImpl] Registered document type: OrderedFolder
17:25:33,937 INFO  [SchemaManagerImpl] Registered document type: HiddenFolder
17:25:33,937 INFO  [SchemaManagerImpl] Registered document type: Root
17:25:33,937 INFO  [SchemaManagerImpl] Registered document type: Relation
17:25:33,937 INFO  [SchemaManagerImpl] Registered document type: Domain
17:25:33,937 INFO  [SchemaManagerImpl] Registered document type: WorkspaceRoot
17:25:33,937 INFO  [SchemaManagerImpl] Registered document type: Workspace
17:25:33,937 INFO  [SchemaManagerImpl] Registered document type: TemplateRoot
17:25:33,937 INFO  [SchemaManagerImpl] Registered document type: SectionRoot
17:25:33,937 INFO  [SchemaManagerImpl] Registered document type: Section
17:25:33,937 INFO  [SchemaManagerImpl] Registered document type: File
17:25:33,937 INFO  [SchemaManagerImpl] Registered document type: Note
17:25:33,937 INFO  [SchemaManagerImpl] Registered document type: Collection
17:25:33,937 INFO  [SchemaManagerImpl] Registered document type: Collections
17:25:33,950 INFO  [SchemaManagerImpl] Registered schema: custom-schema-def
17:25:33,950 INFO  [SchemaManagerImpl] Registered schema: dynamic-fields
17:25:33,950 INFO  [SchemaManagerImpl] Registered document type: CustomSchemaDef
17:25:33,950 INFO  [SchemaManagerImpl] Registered document type: CustomSchemaDefContainer
17:25:33,950 INFO  [SchemaManagerImpl] Registered document type: Root
17:25:33,950 INFO  [SchemaManagerImpl] Registered document type: Domain
17:25:33,950 INFO  [SchemaManagerImpl] Registered document type: Workspace
17:25:33,950 INFO  [SchemaManagerImpl] Registered document type: Folder
17:25:33,951 INFO  [SchemaManagerImpl] Registered facet: DynamicFields
17:25:33,951 INFO  [SchemaManagerImpl] Registered schema: directory_configuration
17:25:33,951 INFO  [SchemaManagerImpl] Registered facet: DirectoryLocalConfiguration
17:25:33,962 INFO  [QueryMakerServiceImpl] Registering QueryMaker 'NXQL': org.nuxeo.ecm.core.storage.sql.jdbc.NXQLQueryMaker
17:25:33,962 INFO  [SchemaManagerImpl] Registered schema: system
17:25:33,963 INFO  [DocumentAdapterService] Registered document adapter factory: null: interface org.nuxeo.ecm.core.api.facet.VersioningDocument
17:25:33,963 INFO  [DocumentAdapterService] Registered document adapter factory: null: interface org.nuxeo.ecm.directory.localconfiguration.DirectoryConfiguration
17:25:33,964 INFO  [DocumentAdapterService] Registered document adapter factory: null: interface org.nuxeo.ecm.core.api.blobholder.BlobHolder
17:25:33,964 INFO  [DocumentAdapterService] Registered document adapter factory: null: class org.nuxeo.ecm.core.api.thumbnail.ThumbnailAdapter
17:25:34,038 INFO  [WebEngineComponent] Using web root: /Users/thibaud.arguillere/GitHub/nuxeo-sandbox/nuxeo-labs-dynamic-fields/nuxeo-labs-dynamic-fields-core/target/nxruntime-main-9492458120381775159.tmp/web
17:25:34,087 INFO  [UserService] UserService activated
17:25:34,088 INFO  [DocumentAdapterService] Registered document adapter factory: null: interface org.nuxeo.ecm.platform.usermanager.UserAdapter
17:25:34,094 INFO  [DirectoryRegistry] Registered directory: dynf_field_types
17:25:34,095 INFO  [SchemaManagerImpl] Registered schema: documentfields
17:25:34,096 INFO  [SchemaManagerImpl] Registered document type: FileWithDocumentFields
17:25:34,096 INFO  [DirectoryRegistry] Registered directory: userDirectory
17:25:34,096 INFO  [DirectoryRegistry] Registered directory: groupDirectory
17:25:34,096 INFO  [SchemaManagerImpl] Registered schema: testCommonScalar
17:25:34,096 INFO  [SchemaManagerImpl] Registered schema: testCommonComplex
17:25:34,096 INFO  [SchemaManagerImpl] Registered schema: testCommonAdditionalComplex
17:25:34,097 INFO  [SchemaManagerImpl] Registered document type: CommonDocument
17:25:34,097 INFO  [SchemaManagerImpl] Registered facet: CommonFacet
17:25:34,097 INFO  [SchemaManagerImpl] Registered facet: CommonAdditionalComplex
17:25:34,097 INFO  [DataSourceComponent] Registering datasource: jdbc/nuxeojunittests
17:25:34,120 INFO  [DataSourceComponent] Registering DataSourceLink: java:comp/env/jdbc/nxsqldirectory
17:25:34,123 INFO  [DirectoryRegistry] Registered directory template: template-directory
17:25:34,123 INFO  [DirectoryRegistry] Registered directory template: template-user
17:25:34,123 INFO  [DirectoryRegistry] Registered directory template: template-group
17:25:34,123 INFO  [DataSourceComponent] Registering DataSourceLink: java:comp/env/jdbc/repository_test
17:25:34,126 INFO  [RepositoryManagerImpl] Registering repository: test
17:25:34,127 INFO  [ComponentManagerImpl] Start components (isResume=false)
17:25:34,127 INFO  [ClusterServiceImpl] Using random cluster node id: 4099704769211361520
17:25:34,127 INFO  [DataSourceComponent] Registering datasource: jdbc/nuxeojunittests
17:25:34,128 INFO  [DataSourceComponent] Registering DataSourceLink: java:comp/env/jdbc/repository_test
17:25:34,128 INFO  [DataSourceComponent] Registering DataSourceLink: java:comp/env/jdbc/nxsqldirectory
17:25:34,158 INFO  [StreamServiceImpl] Create if not exists stream: bulk/command with manager: null
17:25:34,159 INFO  [StreamServiceImpl] Create if not exists stream: bulk/status with manager: null
17:25:34,159 INFO  [StreamServiceImpl] Create if not exists stream: bulk/done with manager: null
17:25:34,159 INFO  [StreamServiceImpl] Processor metrics disabled
17:25:34,159 INFO  [StreamServiceImpl] Init Stream processor: retentionExpired
17:25:34,186 INFO  [StreamServiceImpl] Init Stream processor: migration
17:25:34,187 INFO  [StreamServiceImpl] Init Stream processor: blobGC
17:25:34,188 INFO  [StreamServiceImpl] Init Stream processor: documentGC
17:25:34,189 INFO  [StreamServiceImpl] Init Stream processor: deletion
17:25:34,189 INFO  [StreamServiceImpl] Init Stream processor: garbageCollectOrphanBlobs
17:25:34,190 INFO  [StreamServiceImpl] Init Stream processor: garbageCollectOrphanVersions
17:25:34,191 INFO  [StreamServiceImpl] Init Stream processor: bulkServiceProcessor
17:25:34,193 INFO  [StreamServiceImpl] Processor streamIntrospection disabled
17:25:34,193 INFO  [StreamServiceImpl] Init Stream processor: setProperties
17:25:34,194 INFO  [StreamServiceImpl] Init Stream processor: setSystemProperties
17:25:34,195 INFO  [StreamServiceImpl] Init Stream processor: removeProxy
17:25:34,195 INFO  [StreamServiceImpl] Init Stream processor: trash
17:25:34,196 INFO  [StreamServiceImpl] Processor idle disabled
17:25:34,196 INFO  [StreamServiceImpl] Init Stream processor: automation
17:25:34,197 INFO  [StreamServiceImpl] Init Stream processor: automationUi
17:25:34,197 INFO  [StreamServiceImpl] Init Stream processor: extractBinaryFulltext
17:25:34,198 INFO  [StreamServiceImpl] Processor fixBinaryFulltextStorage disabled
17:25:34,198 INFO  [WorkManagerImpl] Initializing dead letter queue to store Work in failure
17:25:34,200 INFO  [WorkManagerImpl] Initialized work queue default, WorkQueueDescriptor(id=default categories=[] queuing=true processing=true maxThreads=4 capacity=-1)
17:25:34,200 INFO  [WorkManagerImpl] Initialized work queue blobs, WorkQueueDescriptor(id=blobs categories=[blobListZip] queuing=true processing=true maxThreads=2 capacity=-1)
17:25:34,200 INFO  [WorkManagerImpl] Initialized work queue updateACEStatus, WorkQueueDescriptor(id=updateACEStatus categories=[updateACEStatus] queuing=true processing=true maxThreads=1 capacity=-1)
17:25:34,200 INFO  [WorkManagerImpl] Initialized work queue computeDigest, WorkQueueDescriptor(id=computeDigest categories=[computeDigest] queuing=true processing=true maxThreads=2 capacity=-1)
17:25:34,201 INFO  [WorkManagerImpl] Initialized work queue transientStorageGC, WorkQueueDescriptor(id=transientStorageGC categories=[transientStorageGC] queuing=true processing=true maxThreads=1 capacity=-1)
17:25:34,201 INFO  [MigrationServiceImpl] Not registering a migration invalidator because clustering is not enabled
17:25:34,230 INFO  [SchemaManagerImpl] Registered schema: base from /Users/thibaud.arguillere/GitHub/nuxeo-sandbox/nuxeo-labs-dynamic-fields/nuxeo-labs-dynamic-fields-core/target/nxruntime-main-9492458120381775159.tmp/tmp/schemas/base.xsd
17:25:34,232 INFO  [SchemaManagerImpl] Registered schema: core-types from /Users/thibaud.arguillere/GitHub/nuxeo-sandbox/nuxeo-labs-dynamic-fields/nuxeo-labs-dynamic-fields-core/target/nxruntime-main-9492458120381775159.tmp/tmp/schemas/core-types.xsd
17:25:34,238 INFO  [SchemaManagerImpl] Registered schema: user from /Users/thibaud.arguillere/GitHub/nuxeo-sandbox/nuxeo-labs-dynamic-fields/nuxeo-labs-dynamic-fields-core/target/nxruntime-main-9492458120381775159.tmp/tmp/schemas/user.xsd
17:25:34,240 INFO  [SchemaManagerImpl] Registered schema: group from /Users/thibaud.arguillere/GitHub/nuxeo-sandbox/nuxeo-labs-dynamic-fields/nuxeo-labs-dynamic-fields-core/target/nxruntime-main-9492458120381775159.tmp/tmp/schemas/group.xsd
17:25:34,242 INFO  [SchemaManagerImpl] Registered schema: vocabulary from /Users/thibaud.arguillere/GitHub/nuxeo-sandbox/nuxeo-labs-dynamic-fields/nuxeo-labs-dynamic-fields-core/target/nxruntime-main-9492458120381775159.tmp/tmp/schemas/vocabulary.xsd
17:25:34,244 INFO  [SchemaManagerImpl] Registered schema: xvocabulary from /Users/thibaud.arguillere/GitHub/nuxeo-sandbox/nuxeo-labs-dynamic-fields/nuxeo-labs-dynamic-fields-core/target/nxruntime-main-9492458120381775159.tmp/tmp/schemas/xvocabulary.xsd
17:25:34,245 INFO  [SchemaManagerImpl] Registered schema: l10nvocabulary from /Users/thibaud.arguillere/GitHub/nuxeo-sandbox/nuxeo-labs-dynamic-fields/nuxeo-labs-dynamic-fields-core/target/nxruntime-main-9492458120381775159.tmp/tmp/schemas/l10nvocabulary.xsd
17:25:34,246 INFO  [SchemaManagerImpl] Registered schema: l10nxvocabulary from /Users/thibaud.arguillere/GitHub/nuxeo-sandbox/nuxeo-labs-dynamic-fields/nuxeo-labs-dynamic-fields-core/target/nxruntime-main-9492458120381775159.tmp/tmp/schemas/l10nxvocabulary.xsd
17:25:34,250 INFO  [SchemaManagerImpl] Registered schema: documentsLists from /Users/thibaud.arguillere/GitHub/nuxeo-sandbox/nuxeo-labs-dynamic-fields/nuxeo-labs-dynamic-fields-core/target/nxruntime-main-9492458120381775159.tmp/tmp/schemas/documentsLists.xsd
17:25:34,252 INFO  [SchemaManagerImpl] Registered schema: relation from /Users/thibaud.arguillere/GitHub/nuxeo-sandbox/nuxeo-labs-dynamic-fields/nuxeo-labs-dynamic-fields-core/target/nxruntime-main-9492458120381775159.tmp/tmp/schemas/relation.xsd
17:25:34,254 INFO  [SchemaManagerImpl] Registered schema: common from /Users/thibaud.arguillere/GitHub/nuxeo-sandbox/nuxeo-labs-dynamic-fields/nuxeo-labs-dynamic-fields-core/target/nxruntime-main-9492458120381775159.tmp/tmp/schemas/common.xsd
17:25:34,259 INFO  [ObjectResolverServiceImpl] Unable to configure: org.nuxeo.ecm.directory.DirectoryEntryResolver with parameters: {directory=l10nsubjects}
17:25:34,259 INFO  [XSDLoader] type of null|null targets ObjectResolver namespace but has no matching resolver registered (please contribute to component : org.nuxeo.ecm.core.schema.ObjectResolverService)
17:25:34,259 INFO  [ObjectResolverServiceImpl] Unable to configure: org.nuxeo.ecm.directory.DirectoryEntryResolver with parameters: {directory=l10ncoverage}
17:25:34,259 INFO  [XSDLoader] type of coverage|null targets ObjectResolver namespace but has no matching resolver registered (please contribute to component : org.nuxeo.ecm.core.schema.ObjectResolverService)
17:25:34,260 INFO  [ObjectResolverServiceImpl] Unable to configure: org.nuxeo.ecm.directory.DirectoryEntryResolver with parameters: {directory=nature}
17:25:34,260 INFO  [XSDLoader] type of nature|null targets ObjectResolver namespace but has no matching resolver registered (please contribute to component : org.nuxeo.ecm.core.schema.ObjectResolverService)
17:25:34,260 INFO  [SchemaManagerImpl] Registered schema: dublincore from /Users/thibaud.arguillere/GitHub/nuxeo-sandbox/nuxeo-labs-dynamic-fields/nuxeo-labs-dynamic-fields-core/target/nxruntime-main-9492458120381775159.tmp/tmp/schemas/dublincore.xsd
17:25:34,261 INFO  [SchemaManagerImpl] Registered schema: uid from /Users/thibaud.arguillere/GitHub/nuxeo-sandbox/nuxeo-labs-dynamic-fields/nuxeo-labs-dynamic-fields-core/target/nxruntime-main-9492458120381775159.tmp/tmp/schemas/uid.xsd
17:25:34,263 INFO  [SchemaManagerImpl] Registered schema: file from /Users/thibaud.arguillere/GitHub/nuxeo-sandbox/nuxeo-labs-dynamic-fields/nuxeo-labs-dynamic-fields-core/target/nxruntime-main-9492458120381775159.tmp/tmp/schemas/file.xsd
17:25:34,265 INFO  [SchemaManagerImpl] Registered schema: files from /Users/thibaud.arguillere/GitHub/nuxeo-sandbox/nuxeo-labs-dynamic-fields/nuxeo-labs-dynamic-fields-core/target/nxruntime-main-9492458120381775159.tmp/tmp/schemas/files.xsd
17:25:34,266 INFO  [SchemaManagerImpl] Registered schema: note from /Users/thibaud.arguillere/GitHub/nuxeo-sandbox/nuxeo-labs-dynamic-fields/nuxeo-labs-dynamic-fields-core/target/nxruntime-main-9492458120381775159.tmp/tmp/schemas/note.xsd
17:25:34,267 INFO  [SchemaManagerImpl] Registered schema: domain from /Users/thibaud.arguillere/GitHub/nuxeo-sandbox/nuxeo-labs-dynamic-fields/nuxeo-labs-dynamic-fields-core/target/nxruntime-main-9492458120381775159.tmp/tmp/schemas/domain.xsd
17:25:34,268 INFO  [SchemaManagerImpl] Registered schema: relatedtext from /Users/thibaud.arguillere/GitHub/nuxeo-sandbox/nuxeo-labs-dynamic-fields/nuxeo-labs-dynamic-fields-core/target/nxruntime-main-9492458120381775159.tmp/tmp/schemas/relatedtext.xsd
17:25:34,270 INFO  [SchemaManagerImpl] Registered schema: publishing from /Users/thibaud.arguillere/GitHub/nuxeo-sandbox/nuxeo-labs-dynamic-fields/nuxeo-labs-dynamic-fields-core/target/nxruntime-main-9492458120381775159.tmp/tmp/schemas/publishing.xsd
17:25:34,272 INFO  [SchemaManagerImpl] Registered schema: webcontainer from /Users/thibaud.arguillere/GitHub/nuxeo-sandbox/nuxeo-labs-dynamic-fields/nuxeo-labs-dynamic-fields-core/target/nxruntime-main-9492458120381775159.tmp/tmp/schemas/webcontainer.xsd
17:25:34,273 INFO  [SchemaManagerImpl] Registered schema: collection from /Users/thibaud.arguillere/GitHub/nuxeo-sandbox/nuxeo-labs-dynamic-fields/nuxeo-labs-dynamic-fields-core/target/nxruntime-main-9492458120381775159.tmp/tmp/schemas/collection.xsd
17:25:34,274 INFO  [SchemaManagerImpl] Registered schema: collectionMember from /Users/thibaud.arguillere/GitHub/nuxeo-sandbox/nuxeo-labs-dynamic-fields/nuxeo-labs-dynamic-fields-core/target/nxruntime-main-9492458120381775159.tmp/tmp/schemas/collectionMember.xsd
17:25:34,282 INFO  [ObjectResolverServiceImpl] Unable to configure: org.nuxeo.ecm.directory.DirectoryEntryResolver with parameters: {directory=dynf_field_types}
17:25:34,282 INFO  [XSDLoader] type of fieldDefinition#fieldTyp|null targets ObjectResolver namespace but has no matching resolver registered (please contribute to component : org.nuxeo.ecm.core.schema.ObjectResolverService)
17:25:34,282 INFO  [SchemaManagerImpl] Registered schema: custom-schema-def from /Users/thibaud.arguillere/GitHub/nuxeo-sandbox/nuxeo-labs-dynamic-fields/nuxeo-labs-dynamic-fields-core/target/nxruntime-main-9492458120381775159.tmp/tmp/schemas/custom-schema-def.xsd
17:25:34,283 INFO  [SchemaManagerImpl] Registered schema: dynamic-fields from /Users/thibaud.arguillere/GitHub/nuxeo-sandbox/nuxeo-labs-dynamic-fields/nuxeo-labs-dynamic-fields-core/target/nxruntime-main-9492458120381775159.tmp/tmp/schemas/dynamic-fields.xsd
17:25:34,284 INFO  [SchemaManagerImpl] Registered schema: directory_configuration from /Users/thibaud.arguillere/GitHub/nuxeo-sandbox/nuxeo-labs-dynamic-fields/nuxeo-labs-dynamic-fields-core/target/nxruntime-main-9492458120381775159.tmp/tmp/schemas/directory_configuration.xsd
17:25:34,285 INFO  [SchemaManagerImpl] Registered schema: system from /Users/thibaud.arguillere/GitHub/nuxeo-sandbox/nuxeo-labs-dynamic-fields/nuxeo-labs-dynamic-fields-core/target/nxruntime-main-9492458120381775159.tmp/tmp/schemas/system.xsd
17:25:34,286 INFO  [SchemaManagerImpl] Registered schema: documentfields from /Users/thibaud.arguillere/GitHub/nuxeo-sandbox/nuxeo-labs-dynamic-fields/nuxeo-labs-dynamic-fields-core/target/nxruntime-main-9492458120381775159.tmp/tmp/schemas/documentfields.xsd
17:25:34,287 INFO  [SchemaManagerImpl] Registered schema: testCommonScalar from /Users/thibaud.arguillere/GitHub/nuxeo-sandbox/nuxeo-labs-dynamic-fields/nuxeo-labs-dynamic-fields-core/target/nxruntime-main-9492458120381775159.tmp/tmp/schemas/testCommonScalar.xsd
17:25:34,289 INFO  [SchemaManagerImpl] Registered schema: testCommonComplex from /Users/thibaud.arguillere/GitHub/nuxeo-sandbox/nuxeo-labs-dynamic-fields/nuxeo-labs-dynamic-fields-core/target/nxruntime-main-9492458120381775159.tmp/tmp/schemas/testCommonComplex.xsd
17:25:34,291 INFO  [SchemaManagerImpl] Registered schema: testCommonAdditionalComplex from /Users/thibaud.arguillere/GitHub/nuxeo-sandbox/nuxeo-labs-dynamic-fields/nuxeo-labs-dynamic-fields-core/target/nxruntime-main-9492458120381775159.tmp/tmp/schemas/testCommonAdditionalComplex.xsd
17:25:34,292 INFO  [CacheServiceImpl] Not registering a cache invalidator because clustering is not enabled
17:25:34,343 INFO  [AbstractDirectory] Load directory: userDirectory with dataLoadingPolicy: legacy and file: users.csv
17:25:34,364 INFO  [AbstractDirectory] Load directory: groupDirectory with dataLoadingPolicy: legacy and file: groups.csv
17:25:34,367 INFO  [RepositoryService] Session pool reconnect on borrow: true
17:25:34,433 INFO  [RepositoryImpl] Repository: test using lock manager: VCSLockManager(repository_test)
17:25:34,434 INFO  [RepositoryImpl] VCS Mapper cache using: org.nuxeo.ecm.core.storage.sql.SoftRefCachingMapper
17:25:34,536 INFO  [AutomationComponent] You can activate automation trace mode to get more information on automation executions
17:25:34,544 INFO  [StdSchedulerFactory] Using default implementation for ThreadExecutor
17:25:34,548 INFO  [SchedulerSignalerImpl] Initialized Scheduler Signaller of type: class org.quartz.core.SchedulerSignalerImpl
17:25:34,548 INFO  [QuartzScheduler] Quartz Scheduler v2.5.2 created.
17:25:34,549 INFO  [RAMJobStore] RAMJobStore initialized.
17:25:34,549 INFO  [QuartzScheduler] Scheduler meta-data: Quartz Scheduler (v2.5.2) 'Quartz' with instanceId 'NON_CLUSTERED'
  Scheduler class: 'org.quartz.core.QuartzScheduler' - running locally.
  NOT STARTED.
  Currently in standby mode.
  Number of jobs executed: 0
  Using thread pool 'org.quartz.simpl.SimpleThreadPool' - with 1 threads.
  Using job-store 'org.quartz.simpl.RAMJobStore' - which does not support persistence. and is not clustered.

17:25:34,549 INFO  [StdSchedulerFactory] Quartz scheduler 'Quartz' initialized from an externally provided properties instance.
17:25:34,549 INFO  [StdSchedulerFactory] Quartz scheduler version: 2.5.2
17:25:34,549 INFO  [QuartzScheduler] Scheduler Quartz_$_NON_CLUSTERED started.
17:25:34,549 INFO  [SchedulerServiceImpl] Registering: Schedule blobManagerDeleteMarkedBlobsSchedule (cron=0 0/15 * * * ?)
17:25:34,552 INFO  [SchedulerServiceImpl] Registering: Schedule aceScheduler (cron=0 0/5 * * * ?)
17:25:34,553 INFO  [SchedulerServiceImpl] Registering: Schedule softDeleteCleanup (cron=0 0/15 * * * ?)
17:25:34,553 INFO  [SchedulerServiceImpl] Registering: Schedule transientStoreGC (cron=0 0/15 * * * ?)
17:25:34,553 INFO  [SchedulerServiceImpl] scheduler started
17:25:34,792 WARN  [CommandLineExecutorComponent] Shell command: timeout is not available, the following Nuxeo commands won't be available: [timeout], (command timeout not found in system path - null)
17:25:34,793 WARN  [CommandLineExecutorComponent] There is no timeout command available, command executions won't be time-boxed.
17:25:34,796 ERROR [AbstractRuntimeService$1] NUXEO INSTANCE REGISTRATION FILE IS MISSING

***** This Nuxeo instance is not registered *****
This Nuxeo instance can only be used for development and will be stopped if used in production

17:25:34,805 INFO  [ComputationPool] bulk/scroller: Starting pool
17:25:34,808 INFO  [ComputationPool] bulk/status: Starting pool
17:25:34,808 INFO  [ComputationPool] retention/retentionExpired: Starting pool
17:25:34,808 INFO  [ComputationPool] blob/gc: Starting pool
17:25:34,809 INFO  [ComputationPool] document/gc: Starting pool
17:25:34,809 INFO  [ComputationPool] bulk/deletion: Starting pool
17:25:34,810 INFO  [ComputationPool] bulk/garbageCollectOrphanBlobs: Starting pool
17:25:34,810 INFO  [ComputationPool] bulk/garbageCollectOrphanVersions: Starting pool
17:25:34,810 INFO  [ComputationPool] bulk/setProperties: Starting pool
17:25:34,811 INFO  [ComputationPool] bulk/setSystemProperties: Starting pool
17:25:34,811 INFO  [ComputationPool] bulk/removeProxy: Starting pool
17:25:34,811 INFO  [ComputationPool] bulk/trash: Starting pool
17:25:34,811 INFO  [ComputationPool] bulk/automation: Starting pool
17:25:34,812 INFO  [ComputationPool] bulk/automationUi: Starting pool
17:25:34,812 INFO  [ComputationPool] bulk/extractBinaryFulltext: Starting pool
17:25:34,812 INFO  [WorkManagerImpl] Activated work queue default, WorkQueueDescriptor(id=default categories=[] queuing=true processing=true maxThreads=4 capacity=-1)
17:25:34,813 INFO  [WorkManagerImpl] Activated work queue blobs, WorkQueueDescriptor(id=blobs categories=[blobListZip] queuing=true processing=true maxThreads=2 capacity=-1)
17:25:34,813 INFO  [WorkManagerImpl] Activated work queue updateACEStatus, WorkQueueDescriptor(id=updateACEStatus categories=[updateACEStatus] queuing=true processing=true maxThreads=1 capacity=-1)
17:25:34,813 INFO  [WorkManagerImpl] Activated work queue computeDigest, WorkQueueDescriptor(id=computeDigest categories=[computeDigest] queuing=true processing=true maxThreads=2 capacity=-1)
17:25:34,813 INFO  [WorkManagerImpl] Activated work queue transientStorageGC, WorkQueueDescriptor(id=transientStorageGC categories=[transientStorageGC] queuing=true processing=true maxThreads=1 capacity=-1)
17:25:34,875 ERROR [OSGiRuntimeService] Nuxeo Platform Started
======================================================================
= Component Loading Status: Pending: 0 / Missing: 1 / Unstarted: 0 / Total: 199
  * service:nuxeo.labs.dynamic.fields.core.types references missing [target=org.nuxeo.ecm.platform.types.TypeService;point=types]
======================================================================
]]></system-out>
  </testcase>
  <testcase name="shouldReturnSortedDistinctDocTypes" classname="nuxeo.labs.dynamic.fields.TestGetDocTypes" time="0.114"/>
</testsuite>